<?xml version="1.0" encoding="UTF-8"?>
<!-- Generated by org.testng.reporters.JUnitXMLReporter -->
<testsuite ignored="0" hostname="LAPTOP-RLFKP795" failures="1" tests="1" name="Linux-Firefox" time="32.71" errors="0" timestamp="2024-09-20T09:08:50 CDT">
  <testcase classname="testCases.TC002_LoginTest" name="user_Login" time="22.698">
    <failure type="java.lang.AssertionError" message="null">
      <![CDATA[java.lang.AssertionError: null
at testCases.TC002_LoginTest.user_Login(TC002_LoginTest.java:55)
at java.base/java.util.ArrayList.forEach(ArrayList.java:1597)
... Removed 27 stack frames]]>
    </failure>
  </testcase> <!-- user_Login -->
</testsuite> <!-- Linux-Firefox -->
