<?xml version="1.0" encoding="UTF-8"?>
<!-- Generated by org.testng.reporters.JUnitXMLReporter -->
<testsuite ignored="0" hostname="LAPTOP-RLFKP795" failures="1" tests="2" name="Test" time="27.22" errors="0" timestamp="2024-09-18T11:35:00 CDT">
  <testcase classname="testCases.TC001_AccountRegistrationTest" name="account_registration" time="3.621"/>
  <testcase classname="testCases.TC002_LoginTest" name="user_Login" time="11.926">
    <failure type="java.lang.AssertionError" message="---- Login Failed ---- expected [true] but found [false]">
      <![CDATA[java.lang.AssertionError: ---- Login Failed ---- expected [true] but found [false]
at testCases.TC002_LoginTest.user_Login(TC002_LoginTest.java:45)
at java.base/java.util.ArrayList.forEach(ArrayList.java:1597)
... Removed 28 stack frames]]>
    </failure>
  </testcase> <!-- user_Login -->
</testsuite> <!-- Test -->
