<?xml version="1.0" encoding="UTF-8"?>
<testng-results ignored="0" total="1" passed="1" failed="0" skipped="0">
  <reporter-output>
  </reporter-output>
  <suite started-at="2024-09-20T17:52:30 CDT" name="Master Suite" finished-at="2024-09-20T17:52:43 CDT" duration-ms="12973">
    <groups>
      <group name="Master">
        <method signature="TC002_LoginTest.user_Login()[pri:0, instance:testCases.TC002_LoginTest@58ffcbd7]" name="user_Login" class="testCases.TC002_LoginTest"/>
      </group> <!-- Master -->
      <group name="Sanity">
        <method signature="TC002_LoginTest.user_Login()[pri:0, instance:testCases.TC002_LoginTest@58ffcbd7]" name="user_Login" class="testCases.TC002_LoginTest"/>
      </group> <!-- Sanity -->
    </groups>
    <test started-at="2024-09-20T17:52:30 CDT" name="Test" finished-at="2024-09-20T17:52:43 CDT" duration-ms="12973">
      <class name="testCases.TC002_LoginTest">
        <test-method is-config="true" signature="setup(java.lang.String,java.lang.String)[pri:0, instance:testCases.TC002_LoginTest@58ffcbd7]" started-at="2024-09-20T17:52:31 CDT" name="setup" finished-at="2024-09-20T17:52:38 CDT" duration-ms="7162" status="PASS">
          <params>
            <param index="0">
              <value>
                <![CDATA[Windows]]>
              </value>
            </param>
            <param index="1">
              <value>
                <![CDATA[chrome]]>
              </value>
            </param>
          </params>
          <reporter-output>
          </reporter-output>
        </test-method> <!-- setup -->
        <test-method signature="user_Login()[pri:0, instance:testCases.TC002_LoginTest@58ffcbd7]" started-at="2024-09-20T17:52:38 CDT" name="user_Login" finished-at="2024-09-20T17:52:42 CDT" duration-ms="4337" status="PASS">
          <reporter-output>
          </reporter-output>
        </test-method> <!-- user_Login -->
        <test-method is-config="true" signature="tearDown()[pri:0, instance:testCases.TC002_LoginTest@58ffcbd7]" started-at="2024-09-20T17:52:42 CDT" name="tearDown" finished-at="2024-09-20T17:52:43 CDT" duration-ms="595" status="PASS">
          <reporter-output>
          </reporter-output>
        </test-method> <!-- tearDown -->
      </class> <!-- testCases.TC002_LoginTest -->
    </test> <!-- Test -->
  </suite> <!-- Master Suite -->
</testng-results>
